<?xml version="1.0" encoding="UTF-8"?>
<testng-results ignored="0" total="2" passed="2" failed="0" skipped="0">
  <reporter-output>
  </reporter-output>
  <suite started-at="2022-11-06T19:16:57 IST" name="Default suite" finished-at="2022-11-06T19:17:59 IST" duration-ms="62028">
    <groups>
    </groups>
    <test started-at="2022-11-06T19:16:57 IST" name="Default test" finished-at="2022-11-06T19:17:59 IST" duration-ms="62028">
      <class name="testValidation.test">
        <test-method is-config="true" signature="openBrowser()[pri:0, instance:testValidation.test@498d318c]" started-at="2022-11-06T19:16:54 IST" name="openBrowser" finished-at="2022-11-06T19:16:57 IST" duration-ms="2730" status="PASS">
          <reporter-output>
          </reporter-output>
        </test-method> <!-- openBrowser -->
        <test-method signature="validation_1()[pri:0, instance:testValidation.test@498d318c]" started-at="2022-11-06T19:16:57 IST" name="validation_1" finished-at="2022-11-06T19:17:27 IST" duration-ms="29560" status="PASS">
          <reporter-output>
          </reporter-output>
        </test-method> <!-- validation_1 -->
        <test-method signature="validation_2()[pri:0, instance:testValidation.test@498d318c]" started-at="2022-11-06T19:17:27 IST" name="validation_2" finished-at="2022-11-06T19:17:59 IST" duration-ms="32410" status="PASS">
          <reporter-output>
          </reporter-output>
        </test-method> <!-- validation_2 -->
        <test-method is-config="true" signature="tearDown()[pri:0, instance:testValidation.test@498d318c]" started-at="2022-11-06T19:17:59 IST" name="tearDown" finished-at="2022-11-06T19:18:00 IST" duration-ms="359" status="PASS">
          <reporter-output>
          </reporter-output>
        </test-method> <!-- tearDown -->
      </class> <!-- testValidation.test -->
    </test> <!-- Default test -->
  </suite> <!-- Default suite -->
</testng-results>
